SLES_030.52 Aztec: The Curse in the Heart of the City of Gold
SCES_028.13 Chase the Express (Disc 1)
SCES_128.13 Chase the Express (Disc 2)
SCES_015.16 Disney Tarzan
SLPM_625.04 Simple 2000 Series Vol. 56: The Survival Game
SLPS_204.97 Simple 2000 Series Vol. 119: The Survival Game 2
SLPM_670.06 Train Simulator: Kyushu Shinkansen
SLPM_670.07 Train Simulator: Keisei, Toei Asakusa, Keikyuusen
SCPS_150.18 The Yamanote-sen: Train Simulator Real
SCUS_970.95 Network Adaptor Start-Up Disc v2.0
SLPM_652.86 Auto Modellista: U.S.-Tuned
SLES_518.27 Gladiator: Sword of Vengeance
PAPX_905.03 PoPoLoCrois: Tsuki no Okite no Bouken (Gentei)
SLUS_007.60 Lemmings & Oh No! More Lemmings
SCUS_944.03 Philosoma
SCPS_101.12 PoPoLoCrois Monogatari II (Disc 1)
SCPS_101.13 PoPoLoCrois Monogatari II (Disc 2)
SCPS_101.14 PoPoLoCrois Monogatari II (Disc 3)
SLPS_021.39 Real Robot Sensen
SLPM_860.37 Salamander Deluxe Pack Plus
SLPS_026.52 Seireiki Rayblade
SLPS_023.19 Shin Masou Kishin: Panzer Warfare
SLPS_005.50 Shin Super Robot Taisen
SLPS_009.25 Shinseiden Megaseed: Fukkatsu-hen
SLPS_017.76 Super Hero Sakusen
SLPS_030.20 Super Hero Sakusen: Diedal no Yabou
SLPS_020.70 Super Robot Taisen: Complete Box (Disc 1) (Super Robot Wars Complete Box)
SLPS_025.28 Super Robot Taisen Alpha (Limited Edition)
SLPS_017.27 Super Robot Taisen F
SLPS_028.63 Super Tokusatsu Taisen 2001
SLPS_001.90 Welcome House
SLPS_006.33 Welcome House 2: Keaton and His Uncle
SLPS_012.79 Wizardry: Llylgamyn Saga
SLPS_023.49 Wizardry: New Age of Llylgamyn
SLUS_011.81 World of Dragon Warrior: Torneko: The Last Hope
SLES_007.13 Yusha: Heaven's Gate
SLPS_033.54 Zanac x Zanac
SLUS_001.83 Zero Divide
SCES_010.94 Zero Divide 2: The Secret Wish
SLPM_863.11 Zill O'll
SCPS_150.27 PoPoLoCrois: Hajimari no Bouken (Shokai Seisanban)
SLPS_200.72 Real Robot Regiment
SLUS_211.58 Rugby 2005
SLES_529.19 Rugby League 2
SLPM_658.21 Shinseiki Yuusha Taisen
SCES_556.63 Street Cricket Champions 2
SLPS_250.70 Sunrise Eiyuutan 2
SLPS_255.92 Sunrise Eiyuutan 3
SLPS_250.11 Sunrise Eiyuutan R
SLPS_252.70 Sunrise World War
SLES_519.73 War Chess
SLPM_627.42 Wizardry Gaiden: Sentou no Kangoku: Prisoners of the Battles
SLPM_626.03 Wizardry Summoner
SLPM_660.07 Zoids Tactics
SLES_014.63 Apocalypse
SLPS_012.44 Choro Q 3
SLPS_022.05 Choro Q Wonderful!
SCES_001.11 Jumping Flash! 2
SLES_005.43 Road Rage
SCES_017.53 Um Jammer Lammy
SLPS_011.08 Ancient Roman: Power of Dark Side (Disc 1)
SLPS_011.09 Ancient Roman: Power of Dark Side (Disc 2)
SLUS_003.99 Arcade's Greatest Hits: The Atari Collection 1
SLUS_004.50 Arcade's Greatest Hits: The Midway Collection 2
SLUS_000.03 A-Train: Trains, Power, Money
SLPS_023.90 Aura Battler Dunbine: Seisenshi Densetsu
SCUS_947.02 Beyond the Beyond
SLPS_029.62 Black/Matrix + (Disc 1)
SLPS_029.63 Black/Matrix + (Disc 2)
SLPS_035.73 Black/Matrix 00 (Disc 1)
SLPS_035.74 Black/Matrix 00 (Disc 2)
SLPS_002.20 CRW: Counter Revolution War
SLUS_000.09 Defcon 5: Peace Has a Price...
SLUS_004.38 Dynasty Warriors
SCES_002.69 Galaxian³
SLES_001.97 Galaxy Fight
SLPS_022.32 Getter Robo Daikessen!
SLPS_014.71 Goujin Senki
SLUS_008.11 Guardian's Crusade
SLUS_011.95 Hogs of War
SCUS_944.76 Hot Shots Golf 2
SLPS_010.27 Iblard: Laputa no Kaeru Machi
SLUS_006.30 Judge Dredd
SLPS_254.70 Bouken-ou Beet: Darkness Century
SLPM_669.29 Elminage: Yami no Miko to Kamigami no Yubiwa
SLPS_200.52 Global Folktale
SLES_524.33 Goblin Commander: Unleash the Horde
SLES_546.86 Impossible Mission
SLPS_250.59 Kikou Busou G-Breaker: Legend of Cloudia
SLPS_251.24 Kikou Busou G-Breaker 2: Doumei no Hangeki
SLPS_020.32 UFO: A Day in the Life
SCES_005.68 Cool Boarders
SLES_009.54 Crime Killer
SLES_002.79 The Crow: City of Angels
SLES_129.65 Final Fantasy IX (Disc 2)
SLES_229.65 Final Fantasy IX (Disc 3)
SLES_329.65 Final Fantasy IX (Disc 4)
SLES_013.14 G. Darius
SLES_005.28 Mortal Kombat Trilogy
SLES_016.60 Rollcage
SCED_511.87 SCEE Catalogue Video
SLUS_000.83 BrainDead 13 (Disc 1)
SLUS_001.71 BrainDead 13 (Disc 2)
SLUS_012.94 In Cold Blood (Disc 1)
SLUS_002.47 Magic: The Gathering: BattleMage
SLUS_011.48 Martian Gothic: Unification
SLPS_032.20 Matsumoto Reiji 999: Story of Galaxy Express 999 (Disc 1)
SLPS_032.21 Matsumoto Reiji 999: Story of Galaxy Express 999 (Disc 2)
SCPS_100.48 Rurouni Kenshin: Meiji Kenkaku Romantan: Juuyuushi Inbou-hen
SLPS_001.54 Snatcher
SLPS_017.97 Digimon World
SLES_008.65 Overboard!
SLPS_013.60 Pocket Fighter
