LSP99016.101 Science Is Elementary 1
SCPS_100.87 Gekisou Tomarunner
SCES_008.66 Kurushi
SLES_022.24 Music 2000
SCED_033.75 Official PlayStation Magazine Best Games Ever 2000
SCES_005.67 Twisted Metal: World Tour
SLES_019.07 V-Rally: Championship Edition 2
SLES_003.27 WipEout 2097
SLPS_005.48 DonPachi
SLPS_021.41 Aquanaut no Kyuujitsu 2
SLPS_015.12 Bio Hazard: Director's Cut: Dual Shock Ver.
SLPS_015.13 Bio Hazard: Director's Cut: Dual Shock Ver. Complete Disc
SLPS_004.63 Fish Eyes
SLPS_031.37 Tantei Jinguuji Saburou: Early Collection
SLPS_010.24 Nissan Presents: Over Drivin': Skyline Memorial
SLPS_021.09 Rockman Dash 2: Episode 1: 'Roll-chan Kiki Ippatsu!' no Maki
SLPS_033.54 Zanac x Zanac
SLPS_018.23 Snobow Kids Plus
SLPS_014.59 B. L. U. E.: Legend of Water
SLPS_013.16 Brave Prove
SLPS_009.65 Iru!
SCPS_101.12 PoPoLoCrois Monogatari II (Disc 1)
SCPS_101.13 PoPoLoCrois Monogatari II (Disc 2)
SCPS_101.14 PoPoLoCrois Monogatari II (Disc 3)
SLPS_006.33 Welcome House 2: Keaton and His Uncle
SCPS_100.72 Wonder Trek
SCPS_100.92 Doko Demo Issho
SLPM_862.95 Exciting Bass 2
SLPS_001.82 Lode Runner: The Legend Returns
SCES_002.45 Motor Toon Grand Prix 2
SLPM_860.09 Sexy Parodius
SCUS_944.80 Pizza Hut Disc 1
SCUS_944.81 Pizza Hut Disc 2
SLPM_860.08 Jikkyou Oshaberi Parodius: Forever with Me
SLPS_009.63 Money Idol Exchanger
SLPS_022.20 Rockman
SLPS_022.55 Rockman 2: Dr. Wily no Nazo
SLPS_022.62 Rockman 3: Dr. Wily no Saigo!?
SLPS_023.24 Rockman 4: Aratanaru Yabou!!
SLPS_023.38 Rockman 5: Blues no Wana!?
SLPS_023.79 Rockman 6: Shijou Saidai no Tatakai!!
SLPM_860.05 Tokimeki Memorial Taisen Puzzledama
SCPS_101.28 Spyro x Sparx: Tondemo Tours
SCPS_100.60 Rapid Racer
